<?xml version="1.0" encoding="UTF-8" ?>
<testsuite errors="0" failures="0" hostname="PC-20151003LERH" name="info.itest.www.RunAll" skipped="0" tests="4" time="120.754" timestamp="2015-11-08T12:44:05">
  <properties>
    <property name="java.vendor" value="Oracle Corporation" />
    <property name="sun.java.launcher" value="SUN_STANDARD" />
    <property name="eclipse.pdebuild.templates" value="/D:/Tools/eclipse-jee-mars-1-win32/eclipse/plugins/org.eclipse.pde.build_3.9.100.v20150521-1524/templates/" />
    <property name="sun.management.compiler" value="HotSpot Client Compiler" />
    <property name="lib" value="./lib" />
    <property name="os.name" value="Windows 7" />
    <property name="sun.boot.class.path" value="D:\Program Files\Java\jre1.8.0_25\lib\resources.jar;D:\Program Files\Java\jre1.8.0_25\lib\rt.jar;D:\Program Files\Java\jre1.8.0_25\lib\sunrsasign.jar;D:\Program Files\Java\jre1.8.0_25\lib\jsse.jar;D:\Program Files\Java\jre1.8.0_25\lib\jce.jar;D:\Program Files\Java\jre1.8.0_25\lib\charsets.jar;D:\Program Files\Java\jre1.8.0_25\lib\jfr.jar;D:\Program Files\Java\jre1.8.0_25\classes" />
    <property name="report" value="./report" />
    <property name="sun.desktop" value="windows" />
    <property name="java.vm.specification.vendor" value="Oracle Corporation" />
    <property name="ant.home" value="D:\Tools\eclipse-jee-mars-1-win32\eclipse\plugins\org.apache.ant_1.9.4.v201504302020" />
    <property name="java.runtime.version" value="1.8.0_25-b18" />
    <property name="user.name" value="Administrator" />
    <property name="user.language" value="zh" />
    <property name="sun.boot.library.path" value="D:\Program Files\Java\jre1.8.0_25\bin" />
    <property name="ant.project.default-target" value="exec" />
    <property name="ant.project.name" value="wordpress" />
    <property name="java.version" value="1.8.0_25" />
    <property name="user.timezone" value="Asia/Shanghai" />
    <property name="bin" value="./bin" />
    <property name="sun.arch.data.model" value="32" />
    <property name="java.endorsed.dirs" value="D:\Program Files\Java\jre1.8.0_25\lib\endorsed" />
    <property name="sun.cpu.isalist" value="" />
    <property name="sun.jnu.encoding" value="GBK" />
    <property name="file.encoding.pkg" value="sun.io" />
    <property name="file.separator" value="\" />
    <property name="java.specification.name" value="Java Platform API Specification" />
    <property name="java.class.version" value="52.0" />
    <property name="src" value="./src" />
    <property name="user.country" value="CN" />
    <property name="java.home" value="D:\Program Files\Java\jre1.8.0_25" />
    <property name="java.vm.info" value="mixed mode, sharing" />
    <property name="ant.file" value="D:\Git\workspace\wordpress\build.xml" />
    <property name="os.version" value="6.1" />
    <property name="path.separator" value=";" />
    <property name="java.vm.version" value="25.25-b02" />
    <property name="user.variant" value="" />
    <property name="ant.library.dir" value="D:\Tools\eclipse-jee-mars-1-win32\eclipse\plugins\org.apache.ant_1.9.4.v201504302020\lib" />
    <property name="java.awt.printerjob" value="sun.awt.windows.WPrinterJob" />
    <property name="sun.io.unicode.encoding" value="UnicodeLittle" />
    <property name="awt.toolkit" value="sun.awt.windows.WToolkit" />
    <property name="user.script" value="" />
    <property name="ant.file.wordpress" value="D:\Git\workspace\wordpress\build.xml" />
    <property name="eclipse.pdebuild.scripts" value="/D:/Tools/eclipse-jee-mars-1-win32/eclipse/plugins/org.eclipse.pde.build_3.9.100.v20150521-1524/scripts/" />
    <property name="user.home" value="C:\Users\Administrator" />
    <property name="java.specification.vendor" value="Oracle Corporation" />
    <property name="java.library.path" value="D:\Tools\eclipse-jee-mars-1-win32\eclipse;C:\Windows\Sun\Java\bin;C:\Windows\system32;C:\Windows;D:/Program Files/Java/jre1.8.0_25/bin/client;D:/Program Files/Java/jre1.8.0_25/bin;D:/Program Files/Java/jre1.8.0_25/lib/i386;E:\app\Administrator\product\11.2.0\dbhome_1\bin;C:\ProgramData\Oracle\Java\javapath;C:\Windows\system32;C:\Windows;C:\Windows\System32\Wbem;C:\Windows\System32\WindowsPowerShell\v1.0\;C:\Python27;C:\Python27\Scripts;D:\Program Files\Java\jdk1.8.0_25\bin;D:\Program Files\Java\jdk1.8.0_25\jre\bin;D:\Program Files\MySQL\MySQL Server 5.5\bin;D:\android-sdk\platform-tools;D:\android-sdk\tools;D:\Program Files\nodejs\;D:\Appium\node_modules\.bin;D:\Tools\apache-maven-3.2.3\bin;D:\Tools\apache-ant-1.9.6\bin;D:\Tools\apache-jmeter-2.9\bin;C:\Users\Administrator\AppData\Roaming\npm;D:\Tools\eclipse-jee-mars-1-win32\eclipse;;.;D:\Tools\eclipse-jee-mars-1-win32\eclipse\configuration\org.eclipse.osgi\751\0\.cp" />
    <property name="java.vendor.url" value="http://java.oracle.com/" />
    <property name="java.vm.vendor" value="Oracle Corporation" />
    <property name="java.runtime.name" value="Java(TM) SE Runtime Environment" />
    <property name="sun.java.command" value="org.eclipse.ant.internal.launching.remote.InternalAntRunner -Dorg.eclipse.ant.core.ANT_PROCESS_ID=1446986627992 -Declipse.connect.port=5435 -Declipse.pdebuild.home=/D:/Tools/eclipse-jee-mars-1-win32/eclipse/plugins/org.eclipse.pde.build_3.9.100.v20150521-1524/./ -Declipse.pdebuild.scripts=/D:/Tools/eclipse-jee-mars-1-win32/eclipse/plugins/org.eclipse.pde.build_3.9.100.v20150521-1524/scripts/ -Declipse.pdebuild.templates=/D:/Tools/eclipse-jee-mars-1-win32/eclipse/plugins/org.eclipse.pde.build_3.9.100.v20150521-1524/templates/ -Dant.home=D:\Tools\eclipse-jee-mars-1-win32\eclipse\plugins\org.apache.ant_1.9.4.v201504302020 -logger org.eclipse.ant.internal.launching.remote.logger.RemoteAntBuildLogger -inputhandler org.eclipse.ant.internal.ui.antsupport.inputhandler.ProxyInputHandler -buildfile D:\Git\workspace\wordpress\build.xml" />
    <property name="java.class.path" value="D:\Tools\eclipse-jee-mars-1-win32\eclipse\plugins\org.apache.ant_1.9.4.v201504302020\lib\ant-antlr.jar;D:\Tools\eclipse-jee-mars-1-win32\eclipse\plugins\org.apache.ant_1.9.4.v201504302020\lib\ant-apache-bcel.jar;D:\Tools\eclipse-jee-mars-1-win32\eclipse\plugins\org.apache.ant_1.9.4.v201504302020\lib\ant-apache-bsf.jar;D:\Tools\eclipse-jee-mars-1-win32\eclipse\plugins\org.apache.ant_1.9.4.v201504302020\lib\ant-apache-log4j.jar;D:\Tools\eclipse-jee-mars-1-win32\eclipse\plugins\org.apache.ant_1.9.4.v201504302020\lib\ant-apache-oro.jar;D:\Tools\eclipse-jee-mars-1-win32\eclipse\plugins\org.apache.ant_1.9.4.v201504302020\lib\ant-apache-regexp.jar;D:\Tools\eclipse-jee-mars-1-win32\eclipse\plugins\org.apache.ant_1.9.4.v201504302020\lib\ant-apache-resolver.jar;D:\Tools\eclipse-jee-mars-1-win32\eclipse\plugins\org.apache.ant_1.9.4.v201504302020\lib\ant-apache-xalan2.jar;D:\Tools\eclipse-jee-mars-1-win32\eclipse\plugins\org.apache.ant_1.9.4.v201504302020\lib\ant-commons-logging.jar;D:\Tools\eclipse-jee-mars-1-win32\eclipse\plugins\org.apache.ant_1.9.4.v201504302020\lib\ant-commons-net.jar;D:\Tools\eclipse-jee-mars-1-win32\eclipse\plugins\org.apache.ant_1.9.4.v201504302020\lib\ant-jai.jar;D:\Tools\eclipse-jee-mars-1-win32\eclipse\plugins\org.apache.ant_1.9.4.v201504302020\lib\ant-javamail.jar;D:\Tools\eclipse-jee-mars-1-win32\eclipse\plugins\org.apache.ant_1.9.4.v201504302020\lib\ant-jdepend.jar;D:\Tools\eclipse-jee-mars-1-win32\eclipse\plugins\org.apache.ant_1.9.4.v201504302020\lib\ant-jmf.jar;D:\Tools\eclipse-jee-mars-1-win32\eclipse\plugins\org.apache.ant_1.9.4.v201504302020\lib\ant-jsch.jar;D:\Tools\eclipse-jee-mars-1-win32\eclipse\plugins\org.apache.ant_1.9.4.v201504302020\lib\ant-junit.jar;D:\Tools\eclipse-jee-mars-1-win32\eclipse\plugins\org.apache.ant_1.9.4.v201504302020\lib\ant-junit4.jar;D:\Tools\eclipse-jee-mars-1-win32\eclipse\plugins\org.apache.ant_1.9.4.v201504302020\lib\ant-launcher.jar;D:\Tools\eclipse-jee-mars-1-win32\eclipse\plugins\org.apache.ant_1.9.4.v201504302020\lib\ant-netrexx.jar;D:\Tools\eclipse-jee-mars-1-win32\eclipse\plugins\org.apache.ant_1.9.4.v201504302020\lib\ant-swing.jar;D:\Tools\eclipse-jee-mars-1-win32\eclipse\plugins\org.apache.ant_1.9.4.v201504302020\lib\ant-testutil.jar;D:\Tools\eclipse-jee-mars-1-win32\eclipse\plugins\org.apache.ant_1.9.4.v201504302020\lib\ant.jar;D:\Tools\eclipse-jee-mars-1-win32\eclipse\configuration\org.eclipse.osgi\79\0\.cp\lib\antdebug.jar;D:\Tools\eclipse-jee-mars-1-win32\eclipse\configuration\org.eclipse.osgi\79\0\.cp\lib\remote.jar;D:\Tools\eclipse-jee-mars-1-win32\eclipse\configuration\org.eclipse.osgi\80\0\.cp\lib\remoteAnt.jar;D:\Program Files\Java\jdk1.8.0_25\lib\tools.jar;D:\Tools\eclipse-jee-mars-1-win32\eclipse\plugins\org.eclipse.swt.win32.win32.x86_3.104.1.v20150825-0743.jar" />
    <property name="ant.version" value="Apache Ant(TM) version 1.9.4 compiled on April 29 2014" />
    <property name="java.vm.specification.name" value="Java Virtual Machine Specification" />
    <property name="java.vm.specification.version" value="1.8" />
    <property name="sun.cpu.endian" value="little" />
    <property name="sun.os.patch.level" value="Service Pack 1" />
    <property name="eclipse.pdebuild.home" value="/D:/Tools/eclipse-jee-mars-1-win32/eclipse/plugins/org.eclipse.pde.build_3.9.100.v20150521-1524/./" />
    <property name="java.io.tmpdir" value="C:\Users\ADMINI~1\AppData\Local\Temp\" />
    <property name="ant.file.type.wordpress" value="file" />
    <property name="java.vendor.url.bug" value="http://bugreport.sun.com/bugreport/" />
    <property name="os.arch" value="x86" />
    <property name="java.awt.graphicsenv" value="sun.awt.Win32GraphicsEnvironment" />
    <property name="java.ext.dirs" value="D:\Program Files\Java\jre1.8.0_25\lib\ext;C:\Windows\Sun\Java\lib\ext" />
    <property name="user.dir" value="D:\Git\workspace\wordpress" />
    <property name="line.separator" value="&#xd;&#xa;" />
    <property name="java.vm.name" value="Java HotSpot(TM) Client VM" />
    <property name="basedir" value="D:\Git\workspace\wordpress" />
    <property name="ant.java.version" value="1.8" />
    <property name="ant.core.lib" value="D:\Tools\eclipse-jee-mars-1-win32\eclipse\plugins\org.apache.ant_1.9.4.v201504302020\lib\ant.jar" />
    <property name="file.encoding" value="GBK" />
    <property name="java.specification.version" value="1.8" />
    <property name="ant.project.invoked-targets" value="exec" />
  </properties>
  <testcase classname="info.itest.www.TestCreatePost" name="testCreatePost" time="46.886" />
  <testcase classname="info.itest.www.TestDeletePost" name="testDeletePost" time="36.722" />
  <testcase classname="info.itest.www.TestLogin" name="testLogin" time="16.689" />
  <testcase classname="info.itest.www.TestLogin" name="testLoginFailed" time="20.107" />
  <system-out><![CDATA[]]></system-out>
  <system-err><![CDATA[]]></system-err>
</testsuite>
